<?xml version="1.0" encoding="UTF-8"?>
<testsuites name="jest tests" tests="2" failures="0" errors="0" time="0.089">
  <testsuite name="Gruntfile tasks" errors="0" failures="0" skipped="0" timestamp="2024-03-29T13:48:07" time="0.075" tests="2">
    <testcase classname="Gruntfile tasks lunr-index task should process HTML files correctly" name="Gruntfile tasks lunr-index task should process HTML files correctly" time="0.001">
    </testcase>
    <testcase classname="Gruntfile tasks lunr-index task should process MD files correctly" name="Gruntfile tasks lunr-index task should process MD files correctly" time="0.001">
    </testcase>
  </testsuite>
</testsuites>